<?xml version="1.0" encoding="UTF-8"?>
<!-- Generated by org.testng.reporters.JUnitReportReporter -->
<testsuite hostname="LAPTOP-Q1B3GL3I" failures="0" tests="1" name="Qa_Matrix_Test.TestTextArea" time="8.126" errors="0" timestamp="2023-01-02T18:46:30 IST" skipped="0">
  <testcase classname="Qa_Matrix_Test.TestTextArea" name="name" time="8.126"/>
  <system-out/>
</testsuite> <!-- Qa_Matrix_Test.TestTextArea -->
