<?xml version="1.0" encoding="UTF-8"?>
<!-- Generated by org.testng.reporters.JUnitReportReporter -->
<testsuite hostname="LAPTOP-Q1B3GL3I" failures="0" tests="1" name="COM.Demo1" time="0.011" errors="0" timestamp="2022-12-29T09:37:40 IST" skipped="0">
  <testcase classname="COM.Demo1" name="m1" time="0.011"/>
  <system-out/>
</testsuite> <!-- COM.Demo1 -->
