<?xml version="1.0" encoding="UTF-8"?>
<!-- Generated by org.testng.reporters.JUnitReportReporter -->
<testsuite hostname="LAPTOP-Q1B3GL3I" failures="0" tests="1" name="Qa_Matrix_Test.TestDropDown" time="7.416" errors="0" timestamp="2023-01-02T18:35:33 IST" skipped="0">
  <testcase classname="Qa_Matrix_Test.TestDropDown" name="name" time="7.416"/>
  <system-out/>
</testsuite> <!-- Qa_Matrix_Test.TestDropDown -->
